[debug] [2023-08-03T08:43:49.951Z] ----------------------------------------------------------------------
[debug] [2023-08-03T08:43:49.952Z] Command:       /Users/ojinseog/.nvm/versions/node/v19.3.0/bin/node /Users/ojinseog/.nvm/versions/node/v19.3.0/bin/firebase emulators:start --only functions
[debug] [2023-08-03T08:43:49.952Z] CLI Version:   12.4.7
[debug] [2023-08-03T08:43:49.953Z] Platform:      darwin
[debug] [2023-08-03T08:43:49.953Z] Node Version:  v19.3.0
[debug] [2023-08-03T08:43:49.953Z] Time:          Thu Aug 03 2023 17:43:49 GMT+0900 (Korean Standard Time)
[debug] [2023-08-03T08:43:49.953Z] ----------------------------------------------------------------------
[debug] 
[debug] [2023-08-03T08:43:50.004Z] > command requires scopes: ["email","openid","https://www.googleapis.com/auth/cloudplatformprojects.readonly","https://www.googleapis.com/auth/firebase","https://www.googleapis.com/auth/cloud-platform"]
[debug] [2023-08-03T08:43:50.005Z] > authorizing via signed-in user (jjakkung01@gmail.com)
[info] i  emulators: Starting emulators: functions {"metadata":{"emulator":{"name":"hub"},"message":"Starting emulators: functions"}}
[debug] [2023-08-03T08:43:50.506Z] [logging] Logging Emulator only supports listening on one address (127.0.0.1). Not listening on ::1
[debug] [2023-08-03T08:43:50.507Z] assigned listening specs for emulators {"user":{"hub":[{"address":"127.0.0.1","family":"IPv4","port":4400},{"address":"::1","family":"IPv6","port":4400}],"ui":[{"address":"127.0.0.1","family":"IPv4","port":4000},{"address":"::1","family":"IPv6","port":4000}],"logging":[{"address":"127.0.0.1","family":"IPv4","port":4500}]},"metadata":{"message":"assigned listening specs for emulators"}}
[debug] [2023-08-03T08:43:50.511Z] [hub] writing locator at /var/folders/mb/7cx4p47s0vndj9pptxldntb40000gn/T/hub-weddingmanagement-52f64.json
[debug] [2023-08-03T08:43:50.839Z] [functions] Functions Emulator only supports listening on one address (127.0.0.1). Not listening on ::1
[debug] [2023-08-03T08:43:50.839Z] [eventarc] Eventarc Emulator only supports listening on one address (127.0.0.1). Not listening on ::1
[debug] [2023-08-03T08:43:50.839Z] late-assigned ports for functions and eventarc emulators {"user":{"hub":[{"address":"127.0.0.1","family":"IPv4","port":4400},{"address":"::1","family":"IPv6","port":4400}],"ui":[{"address":"127.0.0.1","family":"IPv4","port":4000},{"address":"::1","family":"IPv6","port":4000}],"logging":[{"address":"127.0.0.1","family":"IPv4","port":4500}],"functions":[{"address":"127.0.0.1","family":"IPv4","port":5001}],"eventarc":[{"address":"127.0.0.1","family":"IPv4","port":9299}]},"metadata":{"message":"late-assigned ports for functions and eventarc emulators"}}
[warn] ⚠  functions: The following emulators are not running, calls to these services from the Functions emulator will affect production: auth, firestore, database, hosting, pubsub, storage {"metadata":{"emulator":{"name":"functions"},"message":"The following emulators are not running, calls to these services from the Functions emulator will affect production: \u001b[1mauth, firestore, database, hosting, pubsub, storage\u001b[22m"}}
[debug] [2023-08-03T08:43:50.841Z] defaultcredentials: writing to file /Users/ojinseog/.config/firebase/jjakkung01_gmail_com_application_default_credentials.json
[debug] [2023-08-03T08:43:50.844Z] Setting GAC to /Users/ojinseog/.config/firebase/jjakkung01_gmail_com_application_default_credentials.json {"metadata":{"emulator":{"name":"functions"},"message":"Setting GAC to /Users/ojinseog/.config/firebase/jjakkung01_gmail_com_application_default_credentials.json"}}
[debug] [2023-08-03T08:43:50.845Z] > refreshing access token with scopes: []
[debug] [2023-08-03T08:43:50.845Z] >>> [apiv2][query] POST https://www.googleapis.com/oauth2/v3/token [none]
[debug] [2023-08-03T08:43:50.845Z] >>> [apiv2][body] POST https://www.googleapis.com/oauth2/v3/token [omitted]
[debug] [2023-08-03T08:43:51.048Z] <<< [apiv2][status] POST https://www.googleapis.com/oauth2/v3/token 200
[debug] [2023-08-03T08:43:51.048Z] <<< [apiv2][body] POST https://www.googleapis.com/oauth2/v3/token [omitted]
[debug] [2023-08-03T08:43:51.059Z] >>> [apiv2][query] GET https://firebase.googleapis.com/v1beta1/projects/weddingmanagement-52f64/adminSdkConfig [none]
[debug] [2023-08-03T08:43:51.493Z] <<< [apiv2][status] GET https://firebase.googleapis.com/v1beta1/projects/weddingmanagement-52f64/adminSdkConfig 200
[debug] [2023-08-03T08:43:51.494Z] <<< [apiv2][body] GET https://firebase.googleapis.com/v1beta1/projects/weddingmanagement-52f64/adminSdkConfig {"projectId":"weddingmanagement-52f64","databaseURL":"https://weddingmanagement-52f64-default-rtdb.asia-southeast1.firebasedatabase.app","storageBucket":"weddingmanagement-52f64.appspot.com","locationId":"asia-northeast3"}
[debug] [2023-08-03T08:43:51.514Z] Ignoring unsupported arg: auto_download {"metadata":{"emulator":{"name":"ui"},"message":"Ignoring unsupported arg: auto_download"}}
[debug] [2023-08-03T08:43:51.514Z] Ignoring unsupported arg: port {"metadata":{"emulator":{"name":"ui"},"message":"Ignoring unsupported arg: port"}}
[debug] [2023-08-03T08:43:51.514Z] Starting Emulator UI with command {"binary":"node","args":["/Users/ojinseog/.cache/firebase/emulators/ui-v1.11.7/server/server.js"],"optionalArgs":[],"joinArgs":false} {"metadata":{"emulator":{"name":"ui"},"message":"Starting Emulator UI with command {\"binary\":\"node\",\"args\":[\"/Users/ojinseog/.cache/firebase/emulators/ui-v1.11.7/server/server.js\"],\"optionalArgs\":[],\"joinArgs\":false}"}}
[info] i  ui: Emulator UI logging to ui-debug.log {"metadata":{"emulator":{"name":"ui"},"message":"Emulator UI logging to \u001b[1mui-debug.log\u001b[22m"}}
[debug] [2023-08-03T08:43:51.588Z] Web / API server started at 127.0.0.1:4000
 {"metadata":{"emulator":{"name":"ui"},"message":"Web / API server started at 127.0.0.1:4000\n"}}
[debug] [2023-08-03T08:43:51.589Z] Web / API server started at ::1:4000
 {"metadata":{"emulator":{"name":"ui"},"message":"Web / API server started at ::1:4000\n"}}
[info] i  functions: Watching "/Users/ojinseog/IdeaProjects/wedding/functions" for Cloud Functions... {"metadata":{"emulator":{"name":"functions"},"message":"Watching \"/Users/ojinseog/IdeaProjects/wedding/functions\" for Cloud Functions..."}}
[debug] [2023-08-03T08:43:51.778Z] Validating nodejs source
[debug] [2023-08-03T08:43:52.076Z] > [functions] package.json contents: {
  "name": "functions",
  "scripts": {
    "lint": "eslint --ext .js,.ts .",
    "build": "tsc",
    "build:watch": "tsc --watch",
    "serve": "npm run build && firebase emulators:start --only functions",
    "shell": "npm run build && firebase functions:shell",
    "start": "npm run shell",
    "deploy": "firebase deploy --only functions",
    "logs": "firebase functions:log"
  },
  "engines": {
    "node": "18"
  },
  "main": "lib/functions/src/index.js",
  "dependencies": {
    "firebase-admin": "^11.8.0",
    "firebase-functions": "^4.3.1"
  },
  "devDependencies": {
    "@typescript-eslint/eslint-plugin": "^5.12.0",
    "@typescript-eslint/parser": "^5.12.0",
    "eslint": "^8.9.0",
    "eslint-config-google": "^0.14.0",
    "eslint-plugin-import": "^2.25.4",
    "firebase-functions-test": "^3.1.0",
    "typescript": "^4.9.0"
  },
  "private": true
}
[debug] [2023-08-03T08:43:52.076Z] Building nodejs source
[debug] [2023-08-03T08:43:52.076Z] Failed to find version of module node: reached end of search path /Users/ojinseog/IdeaProjects/wedding/functions/node_modules
[warn] ⚠  functions: Your requested "node" version "18" doesn't match your global version "19". Using node@19 from host. 
[debug] [2023-08-03T08:43:52.077Z] Could not find functions.yaml. Must use http discovery
[debug] [2023-08-03T08:43:52.081Z] Found firebase-functions binary at '/Users/ojinseog/IdeaProjects/wedding/functions/node_modules/.bin/firebase-functions'
[info] Serving at port 8567

[debug] [2023-08-03T08:43:52.480Z] Got response from /__/functions.yaml {"endpoints":{"sendFireFunctionSms":{"availableMemoryMb":null,"timeoutSeconds":null,"minInstances":null,"maxInstances":null,"ingressSettings":null,"concurrency":null,"serviceAccountEmail":null,"vpc":null,"platform":"gcfv2","labels":{},"httpsTrigger":{},"entryPoint":"sendFireFunctionSms"}},"specVersion":"v1alpha1","requiredAPIs":[]}
[info] shutdown requested via /__/quitquitquit

[info] ✔  functions: Loaded functions definitions from source: sendFireFunctionSms. {"metadata":{"emulator":{"name":"functions"},"message":"Loaded functions definitions from source: sendFireFunctionSms."}}
[info] ✔  functions[us-central1-sendFireFunctionSms]: http function initialized (http://127.0.0.1:5001/weddingmanagement-52f64/us-central1/sendFireFunctionSms). {"metadata":{"emulator":{"name":"functions"},"message":"\u001b[1mhttp\u001b[22m function initialized (http://127.0.0.1:5001/weddingmanagement-52f64/us-central1/sendFireFunctionSms)."}}
[info] 
┌─────────────────────────────────────────────────────────────┐
│ ✔  All emulators ready! It is now safe to connect your app. │
│ i  View Emulator UI at http://127.0.0.1:4000/               │
└─────────────────────────────────────────────────────────────┘

┌───────────┬────────────────┬─────────────────────────────────┐
│ Emulator  │ Host:Port      │ View in Emulator UI             │
├───────────┼────────────────┼─────────────────────────────────┤
│ Functions │ 127.0.0.1:5001 │ http://127.0.0.1:4000/functions │
└───────────┴────────────────┴─────────────────────────────────┘
  Emulator Hub running at 127.0.0.1:4400
  Other reserved ports: 4500

Issues? Report them at https://github.com/firebase/firebase-tools/issues and attach the *-debug.log files.
 
